Created by PLY version 3.11 (http://www.dabeaz.com/ply)

Unused terminals:

    BOOLEAN
    NAME
    NULL
    NUMBER
    STRING
    UNDEFINED

Grammar

Rule 0     S' -> statement
Rule 1     statement -> VAR IDENTIFIER ASSIGN expression SEMICOLON

Terminals, with rules where they appear

ASSIGN               : 1
BOOLEAN              : 
NAME                 : 
NULL                 : 
NUMBER               : 
SEMICOLON            : 1
STRING               : 
UNDEFINED            : 
VAR                  : 1
error                : 

Nonterminals, with rules where they appear

IDENTIFIER           : 1
expression           : 1
statement            : 0

